<?xml version="1.0" encoding="UTF-8"?>
<coverage generated="1643260909628" clover="3.2.0">
  <project timestamp="1643260909628" name="All files">
    <metrics statements="9" coveredstatements="9" conditionals="0" coveredconditionals="0" methods="8" coveredmethods="8" elements="17" coveredelements="17" complexity="0" loc="9" ncloc="9" packages="2" files="7" classes="7"/>
    <package name="Pages">
      <metrics statements="8" coveredstatements="8" conditionals="0" coveredconditionals="0" methods="7" coveredmethods="7"/>
      <file name="AddStudentPage.tsx" path="/Users/bagseong-il/projects/codesoom/assignments/project-react-6-GUAJEGUICHAN/src/Pages/AddStudentPage.tsx">
        <metrics statements="1" coveredstatements="1" conditionals="0" coveredconditionals="0" methods="1" coveredmethods="1"/>
        <line num="4" count="1" type="stmt"/>
      </file>
      <file name="ButtonsForCheckPage.tsx" path="/Users/bagseong-il/projects/codesoom/assignments/project-react-6-GUAJEGUICHAN/src/Pages/ButtonsForCheckPage.tsx">
        <metrics statements="1" coveredstatements="1" conditionals="0" coveredconditionals="0" methods="1" coveredmethods="1"/>
        <line num="4" count="2" type="stmt"/>
      </file>
      <file name="LoginPage.tsx" path="/Users/bagseong-il/projects/codesoom/assignments/project-react-6-GUAJEGUICHAN/src/Pages/LoginPage.tsx">
        <metrics statements="3" coveredstatements="3" conditionals="0" coveredconditionals="0" methods="2" coveredmethods="2"/>
        <line num="5" count="3" type="stmt"/>
        <line num="8" count="1" type="stmt"/>
        <line num="11" count="3" type="stmt"/>
      </file>
      <file name="MenuPage.tsx" path="/Users/bagseong-il/projects/codesoom/assignments/project-react-6-GUAJEGUICHAN/src/Pages/MenuPage.tsx">
        <metrics statements="1" coveredstatements="1" conditionals="0" coveredconditionals="0" methods="1" coveredmethods="1"/>
        <line num="5" count="2" type="stmt"/>
      </file>
      <file name="RealtimeListPage.tsx" path="/Users/bagseong-il/projects/codesoom/assignments/project-react-6-GUAJEGUICHAN/src/Pages/RealtimeListPage.tsx">
        <metrics statements="1" coveredstatements="1" conditionals="0" coveredconditionals="0" methods="1" coveredmethods="1"/>
        <line num="4" count="2" type="stmt"/>
      </file>
      <file name="SearchPage.tsx" path="/Users/bagseong-il/projects/codesoom/assignments/project-react-6-GUAJEGUICHAN/src/Pages/SearchPage.tsx">
        <metrics statements="1" coveredstatements="1" conditionals="0" coveredconditionals="0" methods="1" coveredmethods="1"/>
        <line num="4" count="2" type="stmt"/>
      </file>
    </package>
    <package name="components">
      <metrics statements="1" coveredstatements="1" conditionals="0" coveredconditionals="0" methods="1" coveredmethods="1"/>
      <file name="App.tsx" path="/Users/bagseong-il/projects/codesoom/assignments/project-react-6-GUAJEGUICHAN/src/components/App.tsx">
        <metrics statements="1" coveredstatements="1" conditionals="0" coveredconditionals="0" methods="1" coveredmethods="1"/>
        <line num="12" count="1" type="stmt"/>
      </file>
    </package>
  </project>
</coverage>
