{"/Users/bagseong-il/projects/codesoom/assignments/project-react-6-GUAJEGUICHAN/src/Pages/AddStudentPage.tsx": {"path":"/Users/bagseong-il/projects/codesoom/assignments/project-react-6-GUAJEGUICHAN/src/Pages/AddStudentPage.tsx","statementMap":{"0":{"start":{"line":4,"column":2},"end":{"line":8,"column":4}}},"fnMap":{"0":{"name":"AddStudentPage","decl":{"start":{"line":3,"column":24},"end":{"line":3,"column":38}},"loc":{"start":{"line":3,"column":41},"end":{"line":9,"column":1}},"line":3}},"branchMap":{},"s":{"0":1},"f":{"0":1},"b":{},"_coverageSchema":"1a1c01bbd47fc00a2c39e90264f33305004495a9","hash":"06ca931c0913b1c4779e39423019fd7100709e06"}
,"/Users/bagseong-il/projects/codesoom/assignments/project-react-6-GUAJEGUICHAN/src/Pages/ButtonsForCheckPage.tsx": {"path":"/Users/bagseong-il/projects/codesoom/assignments/project-react-6-GUAJEGUICHAN/src/Pages/ButtonsForCheckPage.tsx","statementMap":{"0":{"start":{"line":6,"column":19},"end":{"line":6,"column":32}},"1":{"start":{"line":14,"column":26},"end":{"line":14,"column":51}},"2":{"start":{"line":16,"column":4},"end":{"line":16,"column":25}},"3":{"start":{"line":19,"column":17},"end":{"line":19,"column":26}},"4":{"start":{"line":25,"column":2},"end":{"line":42,"column":4}},"5":{"start":{"line":30,"column":10},"end":{"line":38,"column":15}}},"fnMap":{"0":{"name":"ButtonsForCheckPage","decl":{"start":{"line":5,"column":24},"end":{"line":5,"column":43}},"loc":{"start":{"line":5,"column":46},"end":{"line":43,"column":1}},"line":5},"1":{"name":"handleClick","decl":{"start":{"line":13,"column":11},"end":{"line":13,"column":22}},"loc":{"start":{"line":13,"column":73},"end":{"line":17,"column":3}},"line":13},"2":{"name":"(anonymous_2)","decl":{"start":{"line":29,"column":20},"end":{"line":29,"column":21}},"loc":{"start":{"line":30,"column":10},"end":{"line":38,"column":15}},"line":30}},"branchMap":{},"s":{"0":2,"1":1,"2":1,"3":2,"4":2,"5":6},"f":{"0":2,"1":1,"2":6},"b":{},"_coverageSchema":"1a1c01bbd47fc00a2c39e90264f33305004495a9","hash":"e499498cb623d53fdd1f79c4d4eb7549ef7d9a05"}
,"/Users/bagseong-il/projects/codesoom/assignments/project-react-6-GUAJEGUICHAN/src/Pages/ClassPage.tsx": {"path":"/Users/bagseong-il/projects/codesoom/assignments/project-react-6-GUAJEGUICHAN/src/Pages/ClassPage.tsx","statementMap":{"0":{"start":{"line":9,"column":19},"end":{"line":9,"column":32}},"1":{"start":{"line":11,"column":16},"end":{"line":11,"column":27}},"2":{"start":{"line":13,"column":30},"end":{"line":17,"column":3}},"3":{"start":{"line":20,"column":26},"end":{"line":20,"column":51}},"4":{"start":{"line":22,"column":4},"end":{"line":22,"column":25}},"5":{"start":{"line":25,"column":2},"end":{"line":32,"column":4}},"6":{"start":{"line":29,"column":8},"end":{"line":29,"column":81}}},"fnMap":{"0":{"name":"ClassPage","decl":{"start":{"line":8,"column":24},"end":{"line":8,"column":33}},"loc":{"start":{"line":8,"column":36},"end":{"line":33,"column":1}},"line":8},"1":{"name":"handleClick","decl":{"start":{"line":19,"column":11},"end":{"line":19,"column":22}},"loc":{"start":{"line":19,"column":73},"end":{"line":23,"column":3}},"line":19},"2":{"name":"(anonymous_2)","decl":{"start":{"line":28,"column":40},"end":{"line":28,"column":41}},"loc":{"start":{"line":29,"column":8},"end":{"line":29,"column":81}},"line":29}},"branchMap":{},"s":{"0":1,"1":1,"2":1,"3":1,"4":1,"5":1,"6":7},"f":{"0":1,"1":1,"2":7},"b":{},"_coverageSchema":"1a1c01bbd47fc00a2c39e90264f33305004495a9","hash":"1a8b3d55f47cfe443618e664f64a2089004ae2e0"}
,"/Users/bagseong-il/projects/codesoom/assignments/project-react-6-GUAJEGUICHAN/src/Pages/LoginPage.tsx": {"path":"/Users/bagseong-il/projects/codesoom/assignments/project-react-6-GUAJEGUICHAN/src/Pages/LoginPage.tsx","statementMap":{"0":{"start":{"line":5,"column":19},"end":{"line":5,"column":32}},"1":{"start":{"line":12,"column":4},"end":{"line":12,"column":22}},"2":{"start":{"line":15,"column":2},"end":{"line":24,"column":4}}},"fnMap":{"0":{"name":"LoginPage","decl":{"start":{"line":4,"column":24},"end":{"line":4,"column":33}},"loc":{"start":{"line":4,"column":36},"end":{"line":25,"column":1}},"line":4},"1":{"name":"handleClick","decl":{"start":{"line":7,"column":17},"end":{"line":7,"column":28}},"loc":{"start":{"line":7,"column":31},"end":{"line":13,"column":3}},"line":7}},"branchMap":{},"s":{"0":2,"1":1,"2":2},"f":{"0":2,"1":1},"b":{},"_coverageSchema":"1a1c01bbd47fc00a2c39e90264f33305004495a9","hash":"eb5dc07820d7362fc78a27251ee4d645af340e9c"}
,"/Users/bagseong-il/projects/codesoom/assignments/project-react-6-GUAJEGUICHAN/src/Pages/MenuPage.tsx": {"path":"/Users/bagseong-il/projects/codesoom/assignments/project-react-6-GUAJEGUICHAN/src/Pages/MenuPage.tsx","statementMap":{"0":{"start":{"line":5,"column":2},"end":{"line":15,"column":4}}},"fnMap":{"0":{"name":"MenuPage","decl":{"start":{"line":4,"column":24},"end":{"line":4,"column":32}},"loc":{"start":{"line":4,"column":35},"end":{"line":16,"column":1}},"line":4}},"branchMap":{},"s":{"0":2},"f":{"0":2},"b":{},"_coverageSchema":"1a1c01bbd47fc00a2c39e90264f33305004495a9","hash":"ee53a6961846f0a652e40dc4330bfe031a662039"}
,"/Users/bagseong-il/projects/codesoom/assignments/project-react-6-GUAJEGUICHAN/src/Pages/RealtimeListPage.tsx": {"path":"/Users/bagseong-il/projects/codesoom/assignments/project-react-6-GUAJEGUICHAN/src/Pages/RealtimeListPage.tsx","statementMap":{"0":{"start":{"line":4,"column":2},"end":{"line":8,"column":4}}},"fnMap":{"0":{"name":"RealtimeList","decl":{"start":{"line":3,"column":24},"end":{"line":3,"column":36}},"loc":{"start":{"line":3,"column":39},"end":{"line":9,"column":1}},"line":3}},"branchMap":{},"s":{"0":2},"f":{"0":2},"b":{},"_coverageSchema":"1a1c01bbd47fc00a2c39e90264f33305004495a9","hash":"7261d788253ef74e1183e62dd3e403bd22dd9876"}
,"/Users/bagseong-il/projects/codesoom/assignments/project-react-6-GUAJEGUICHAN/src/Pages/SearchPage.tsx": {"path":"/Users/bagseong-il/projects/codesoom/assignments/project-react-6-GUAJEGUICHAN/src/Pages/SearchPage.tsx","statementMap":{"0":{"start":{"line":4,"column":2},"end":{"line":8,"column":4}}},"fnMap":{"0":{"name":"SearchPage","decl":{"start":{"line":3,"column":24},"end":{"line":3,"column":34}},"loc":{"start":{"line":3,"column":37},"end":{"line":9,"column":1}},"line":3}},"branchMap":{},"s":{"0":2},"f":{"0":2},"b":{},"_coverageSchema":"1a1c01bbd47fc00a2c39e90264f33305004495a9","hash":"4bc32d66ae74fdfc164124def2f5d47b8dc9f6d6"}
,"/Users/bagseong-il/projects/codesoom/assignments/project-react-6-GUAJEGUICHAN/src/Pages/StudentsListPage.tsx": {"path":"/Users/bagseong-il/projects/codesoom/assignments/project-react-6-GUAJEGUICHAN/src/Pages/StudentsListPage.tsx","statementMap":{"0":{"start":{"line":16,"column":23},"end":{"line":16,"column":31}},"1":{"start":{"line":18,"column":23},"end":{"line":48,"column":1}},"2":{"start":{"line":51,"column":17},"end":{"line":51,"column":28}},"3":{"start":{"line":53,"column":32},"end":{"line":53,"column":56}},"4":{"start":{"line":55,"column":19},"end":{"line":57,"column":5}},"5":{"start":{"line":55,"column":41},"end":{"line":57,"column":3}},"6":{"start":{"line":62,"column":4},"end":{"line":66,"column":5}},"7":{"start":{"line":63,"column":6},"end":{"line":63,"column":83}},"8":{"start":{"line":63,"column":58},"end":{"line":63,"column":81}},"9":{"start":{"line":65,"column":6},"end":{"line":65,"column":62}},"10":{"start":{"line":68,"column":25},"end":{"line":68,"column":86}},"11":{"start":{"line":68,"column":57},"end":{"line":68,"column":85}},"12":{"start":{"line":70,"column":4},"end":{"line":77,"column":6}},"13":{"start":{"line":76,"column":23},"end":{"line":76,"column":34}},"14":{"start":{"line":80,"column":2},"end":{"line":111,"column":4}},"15":{"start":{"line":92,"column":10},"end":{"line":95,"column":11}},"16":{"start":{"line":94,"column":12},"end":{"line":94,"column":25}},"17":{"start":{"line":96,"column":10},"end":{"line":107,"column":12}},"18":{"start":{"line":101,"column":31},"end":{"line":101,"column":50}}},"fnMap":{"0":{"name":"StudentsListPage","decl":{"start":{"line":50,"column":24},"end":{"line":50,"column":40}},"loc":{"start":{"line":50,"column":43},"end":{"line":112,"column":1}},"line":50},"1":{"name":"(anonymous_1)","decl":{"start":{"line":55,"column":31},"end":{"line":55,"column":32}},"loc":{"start":{"line":55,"column":41},"end":{"line":57,"column":3}},"line":55},"2":{"name":"handleClick","decl":{"start":{"line":59,"column":11},"end":{"line":59,"column":22}},"loc":{"start":{"line":59,"column":39},"end":{"line":78,"column":3}},"line":59},"3":{"name":"(anonymous_3)","decl":{"start":{"line":63,"column":48},"end":{"line":63,"column":49}},"loc":{"start":{"line":63,"column":58},"end":{"line":63,"column":81}},"line":63},"4":{"name":"(anonymous_4)","decl":{"start":{"line":68,"column":40},"end":{"line":68,"column":41}},"loc":{"start":{"line":68,"column":57},"end":{"line":68,"column":85}},"line":68},"5":{"name":"(anonymous_5)","decl":{"start":{"line":76,"column":13},"end":{"line":76,"column":14}},"loc":{"start":{"line":76,"column":23},"end":{"line":76,"column":34}},"line":76},"6":{"name":"(anonymous_6)","decl":{"start":{"line":91,"column":21},"end":{"line":91,"column":22}},"loc":{"start":{"line":91,"column":41},"end":{"line":108,"column":9}},"line":91},"7":{"name":"(anonymous_7)","decl":{"start":{"line":101,"column":25},"end":{"line":101,"column":26}},"loc":{"start":{"line":101,"column":31},"end":{"line":101,"column":50}},"line":101}},"branchMap":{"0":{"loc":{"start":{"line":62,"column":4},"end":{"line":66,"column":5}},"type":"if","locations":[{"start":{"line":62,"column":4},"end":{"line":66,"column":5}},{"start":{"line":64,"column":11},"end":{"line":66,"column":5}}],"line":62},"1":{"loc":{"start":{"line":92,"column":10},"end":{"line":95,"column":11}},"type":"if","locations":[{"start":{"line":92,"column":10},"end":{"line":95,"column":11}},{"start":{},"end":{}}],"line":92},"2":{"loc":{"start":{"line":92,"column":14},"end":{"line":93,"column":52}},"type":"binary-expr","locations":[{"start":{"line":92,"column":14},"end":{"line":92,"column":51}},{"start":{"line":93,"column":15},"end":{"line":93,"column":52}}],"line":92},"3":{"loc":{"start":{"line":104,"column":17},"end":{"line":104,"column":71}},"type":"binary-expr","locations":[{"start":{"line":104,"column":17},"end":{"line":104,"column":62}},{"start":{"line":104,"column":66},"end":{"line":104,"column":71}}],"line":104}},"s":{"0":2,"1":2,"2":9,"3":9,"4":8,"5":0,"6":0,"7":0,"8":0,"9":0,"10":0,"11":0,"12":0,"13":0,"14":0,"15":0,"16":0,"17":0,"18":0},"f":{"0":9,"1":0,"2":0,"3":0,"4":0,"5":0,"6":0,"7":0},"b":{"0":[0,0],"1":[0,0],"2":[0,0],"3":[0,0]},"_coverageSchema":"1a1c01bbd47fc00a2c39e90264f33305004495a9","hash":"491fece37462026b89975c8079aee8ed72142cfd"}
,"/Users/bagseong-il/projects/codesoom/assignments/project-react-6-GUAJEGUICHAN/src/components/App.tsx": {"path":"/Users/bagseong-il/projects/codesoom/assignments/project-react-6-GUAJEGUICHAN/src/components/App.tsx","statementMap":{"0":{"start":{"line":16,"column":23},"end":{"line":46,"column":1}},"1":{"start":{"line":49,"column":19},"end":{"line":49,"column":32}},"2":{"start":{"line":50,"column":2},"end":{"line":52,"column":4}},"3":{"start":{"line":54,"column":2},"end":{"line":69,"column":4}}},"fnMap":{"0":{"name":"App","decl":{"start":{"line":48,"column":24},"end":{"line":48,"column":27}},"loc":{"start":{"line":48,"column":30},"end":{"line":70,"column":1}},"line":48},"1":{"name":"(anonymous_1)","decl":{"start":{"line":50,"column":12},"end":{"line":50,"column":13}},"loc":{"start":{"line":50,"column":18},"end":{"line":52,"column":3}},"line":50}},"branchMap":{},"s":{"0":1,"1":3,"2":0,"3":0},"f":{"0":3,"1":0},"b":{},"_coverageSchema":"1a1c01bbd47fc00a2c39e90264f33305004495a9","hash":"5e8b7083e3ac22441441fa5cbada9eea4fd5846a"}
}
