{"/Users/bagseong-il/projects/codesoom/assignments/project-react-6-GUAJEGUICHAN/src/Pages/AddStudentPage.tsx": {"path":"/Users/bagseong-il/projects/codesoom/assignments/project-react-6-GUAJEGUICHAN/src/Pages/AddStudentPage.tsx","statementMap":{"0":{"start":{"line":4,"column":2},"end":{"line":8,"column":4}}},"fnMap":{"0":{"name":"AddStudentPage","decl":{"start":{"line":3,"column":24},"end":{"line":3,"column":38}},"loc":{"start":{"line":3,"column":41},"end":{"line":9,"column":1}},"line":3}},"branchMap":{},"s":{"0":1},"f":{"0":1},"b":{},"_coverageSchema":"1a1c01bbd47fc00a2c39e90264f33305004495a9","hash":"06ca931c0913b1c4779e39423019fd7100709e06"}
,"/Users/bagseong-il/projects/codesoom/assignments/project-react-6-GUAJEGUICHAN/src/Pages/ButtonsForCheckPage.tsx": {"path":"/Users/bagseong-il/projects/codesoom/assignments/project-react-6-GUAJEGUICHAN/src/Pages/ButtonsForCheckPage.tsx","statementMap":{"0":{"start":{"line":6,"column":19},"end":{"line":6,"column":32}},"1":{"start":{"line":14,"column":26},"end":{"line":14,"column":51}},"2":{"start":{"line":16,"column":4},"end":{"line":16,"column":25}},"3":{"start":{"line":19,"column":17},"end":{"line":19,"column":26}},"4":{"start":{"line":25,"column":2},"end":{"line":42,"column":4}},"5":{"start":{"line":30,"column":10},"end":{"line":38,"column":15}}},"fnMap":{"0":{"name":"ButtonsForCheckPage","decl":{"start":{"line":5,"column":24},"end":{"line":5,"column":43}},"loc":{"start":{"line":5,"column":46},"end":{"line":43,"column":1}},"line":5},"1":{"name":"handleClick","decl":{"start":{"line":13,"column":11},"end":{"line":13,"column":22}},"loc":{"start":{"line":13,"column":73},"end":{"line":17,"column":3}},"line":13},"2":{"name":"(anonymous_2)","decl":{"start":{"line":29,"column":20},"end":{"line":29,"column":21}},"loc":{"start":{"line":30,"column":10},"end":{"line":38,"column":15}},"line":30}},"branchMap":{},"s":{"0":2,"1":1,"2":1,"3":2,"4":2,"5":6},"f":{"0":2,"1":1,"2":6},"b":{},"_coverageSchema":"1a1c01bbd47fc00a2c39e90264f33305004495a9","hash":"e499498cb623d53fdd1f79c4d4eb7549ef7d9a05"}
,"/Users/bagseong-il/projects/codesoom/assignments/project-react-6-GUAJEGUICHAN/src/Pages/ClassPage.tsx": {"path":"/Users/bagseong-il/projects/codesoom/assignments/project-react-6-GUAJEGUICHAN/src/Pages/ClassPage.tsx","statementMap":{"0":{"start":{"line":9,"column":19},"end":{"line":9,"column":32}},"1":{"start":{"line":11,"column":16},"end":{"line":11,"column":27}},"2":{"start":{"line":13,"column":30},"end":{"line":17,"column":3}},"3":{"start":{"line":20,"column":26},"end":{"line":20,"column":51}},"4":{"start":{"line":22,"column":4},"end":{"line":22,"column":25}},"5":{"start":{"line":25,"column":2},"end":{"line":32,"column":4}},"6":{"start":{"line":29,"column":8},"end":{"line":29,"column":81}}},"fnMap":{"0":{"name":"ClassPage","decl":{"start":{"line":8,"column":24},"end":{"line":8,"column":33}},"loc":{"start":{"line":8,"column":36},"end":{"line":33,"column":1}},"line":8},"1":{"name":"handleClick","decl":{"start":{"line":19,"column":11},"end":{"line":19,"column":22}},"loc":{"start":{"line":19,"column":73},"end":{"line":23,"column":3}},"line":19},"2":{"name":"(anonymous_2)","decl":{"start":{"line":28,"column":40},"end":{"line":28,"column":41}},"loc":{"start":{"line":29,"column":8},"end":{"line":29,"column":81}},"line":29}},"branchMap":{},"s":{"0":1,"1":1,"2":1,"3":1,"4":1,"5":1,"6":7},"f":{"0":1,"1":1,"2":7},"b":{},"_coverageSchema":"1a1c01bbd47fc00a2c39e90264f33305004495a9","hash":"1a8b3d55f47cfe443618e664f64a2089004ae2e0"}
,"/Users/bagseong-il/projects/codesoom/assignments/project-react-6-GUAJEGUICHAN/src/Pages/LoginPage.tsx": {"path":"/Users/bagseong-il/projects/codesoom/assignments/project-react-6-GUAJEGUICHAN/src/Pages/LoginPage.tsx","statementMap":{"0":{"start":{"line":5,"column":19},"end":{"line":5,"column":32}},"1":{"start":{"line":12,"column":4},"end":{"line":12,"column":22}},"2":{"start":{"line":15,"column":2},"end":{"line":24,"column":4}}},"fnMap":{"0":{"name":"LoginPage","decl":{"start":{"line":4,"column":24},"end":{"line":4,"column":33}},"loc":{"start":{"line":4,"column":36},"end":{"line":25,"column":1}},"line":4},"1":{"name":"handleClick","decl":{"start":{"line":7,"column":17},"end":{"line":7,"column":28}},"loc":{"start":{"line":7,"column":31},"end":{"line":13,"column":3}},"line":7}},"branchMap":{},"s":{"0":3,"1":1,"2":3},"f":{"0":3,"1":1},"b":{},"_coverageSchema":"1a1c01bbd47fc00a2c39e90264f33305004495a9","hash":"eb5dc07820d7362fc78a27251ee4d645af340e9c"}
,"/Users/bagseong-il/projects/codesoom/assignments/project-react-6-GUAJEGUICHAN/src/Pages/MenuPage.tsx": {"path":"/Users/bagseong-il/projects/codesoom/assignments/project-react-6-GUAJEGUICHAN/src/Pages/MenuPage.tsx","statementMap":{"0":{"start":{"line":5,"column":2},"end":{"line":15,"column":4}}},"fnMap":{"0":{"name":"MenuPage","decl":{"start":{"line":4,"column":24},"end":{"line":4,"column":32}},"loc":{"start":{"line":4,"column":35},"end":{"line":16,"column":1}},"line":4}},"branchMap":{},"s":{"0":2},"f":{"0":2},"b":{},"_coverageSchema":"1a1c01bbd47fc00a2c39e90264f33305004495a9","hash":"ee53a6961846f0a652e40dc4330bfe031a662039"}
,"/Users/bagseong-il/projects/codesoom/assignments/project-react-6-GUAJEGUICHAN/src/Pages/RealtimeListPage.tsx": {"path":"/Users/bagseong-il/projects/codesoom/assignments/project-react-6-GUAJEGUICHAN/src/Pages/RealtimeListPage.tsx","statementMap":{"0":{"start":{"line":4,"column":2},"end":{"line":8,"column":4}}},"fnMap":{"0":{"name":"RealtimeList","decl":{"start":{"line":3,"column":24},"end":{"line":3,"column":36}},"loc":{"start":{"line":3,"column":39},"end":{"line":9,"column":1}},"line":3}},"branchMap":{},"s":{"0":2},"f":{"0":2},"b":{},"_coverageSchema":"1a1c01bbd47fc00a2c39e90264f33305004495a9","hash":"7261d788253ef74e1183e62dd3e403bd22dd9876"}
,"/Users/bagseong-il/projects/codesoom/assignments/project-react-6-GUAJEGUICHAN/src/Pages/SearchPage.tsx": {"path":"/Users/bagseong-il/projects/codesoom/assignments/project-react-6-GUAJEGUICHAN/src/Pages/SearchPage.tsx","statementMap":{"0":{"start":{"line":4,"column":2},"end":{"line":8,"column":4}}},"fnMap":{"0":{"name":"SearchPage","decl":{"start":{"line":3,"column":24},"end":{"line":3,"column":34}},"loc":{"start":{"line":3,"column":37},"end":{"line":9,"column":1}},"line":3}},"branchMap":{},"s":{"0":2},"f":{"0":2},"b":{},"_coverageSchema":"1a1c01bbd47fc00a2c39e90264f33305004495a9","hash":"4bc32d66ae74fdfc164124def2f5d47b8dc9f6d6"}
,"/Users/bagseong-il/projects/codesoom/assignments/project-react-6-GUAJEGUICHAN/src/Pages/StudentsListPage.tsx": {"path":"/Users/bagseong-il/projects/codesoom/assignments/project-react-6-GUAJEGUICHAN/src/Pages/StudentsListPage.tsx","statementMap":{"0":{"start":{"line":14,"column":23},"end":{"line":14,"column":31}},"1":{"start":{"line":16,"column":23},"end":{"line":46,"column":1}},"2":{"start":{"line":49,"column":17},"end":{"line":49,"column":28}},"3":{"start":{"line":51,"column":32},"end":{"line":51,"column":56}},"4":{"start":{"line":55,"column":4},"end":{"line":59,"column":5}},"5":{"start":{"line":56,"column":6},"end":{"line":56,"column":83}},"6":{"start":{"line":56,"column":58},"end":{"line":56,"column":81}},"7":{"start":{"line":58,"column":6},"end":{"line":58,"column":62}},"8":{"start":{"line":60,"column":25},"end":{"line":60,"column":86}},"9":{"start":{"line":60,"column":57},"end":{"line":60,"column":85}},"10":{"start":{"line":62,"column":4},"end":{"line":69,"column":6}},"11":{"start":{"line":68,"column":23},"end":{"line":68,"column":34}},"12":{"start":{"line":72,"column":2},"end":{"line":103,"column":4}},"13":{"start":{"line":84,"column":10},"end":{"line":87,"column":11}},"14":{"start":{"line":86,"column":12},"end":{"line":86,"column":25}},"15":{"start":{"line":88,"column":10},"end":{"line":99,"column":12}},"16":{"start":{"line":93,"column":31},"end":{"line":93,"column":50}}},"fnMap":{"0":{"name":"StudentsListPage","decl":{"start":{"line":48,"column":24},"end":{"line":48,"column":40}},"loc":{"start":{"line":48,"column":43},"end":{"line":104,"column":1}},"line":48},"1":{"name":"handleClick","decl":{"start":{"line":53,"column":11},"end":{"line":53,"column":22}},"loc":{"start":{"line":53,"column":39},"end":{"line":70,"column":3}},"line":53},"2":{"name":"(anonymous_2)","decl":{"start":{"line":56,"column":48},"end":{"line":56,"column":49}},"loc":{"start":{"line":56,"column":58},"end":{"line":56,"column":81}},"line":56},"3":{"name":"(anonymous_3)","decl":{"start":{"line":60,"column":40},"end":{"line":60,"column":41}},"loc":{"start":{"line":60,"column":57},"end":{"line":60,"column":85}},"line":60},"4":{"name":"(anonymous_4)","decl":{"start":{"line":68,"column":13},"end":{"line":68,"column":14}},"loc":{"start":{"line":68,"column":23},"end":{"line":68,"column":34}},"line":68},"5":{"name":"(anonymous_5)","decl":{"start":{"line":83,"column":21},"end":{"line":83,"column":22}},"loc":{"start":{"line":83,"column":41},"end":{"line":100,"column":9}},"line":83},"6":{"name":"(anonymous_6)","decl":{"start":{"line":93,"column":25},"end":{"line":93,"column":26}},"loc":{"start":{"line":93,"column":31},"end":{"line":93,"column":50}},"line":93}},"branchMap":{"0":{"loc":{"start":{"line":55,"column":4},"end":{"line":59,"column":5}},"type":"if","locations":[{"start":{"line":55,"column":4},"end":{"line":59,"column":5}},{"start":{"line":57,"column":11},"end":{"line":59,"column":5}}],"line":55},"1":{"loc":{"start":{"line":84,"column":10},"end":{"line":87,"column":11}},"type":"if","locations":[{"start":{"line":84,"column":10},"end":{"line":87,"column":11}},{"start":{},"end":{}}],"line":84},"2":{"loc":{"start":{"line":84,"column":14},"end":{"line":85,"column":52}},"type":"binary-expr","locations":[{"start":{"line":84,"column":14},"end":{"line":84,"column":51}},{"start":{"line":85,"column":15},"end":{"line":85,"column":52}}],"line":84},"3":{"loc":{"start":{"line":96,"column":17},"end":{"line":96,"column":71}},"type":"binary-expr","locations":[{"start":{"line":96,"column":17},"end":{"line":96,"column":62}},{"start":{"line":96,"column":66},"end":{"line":96,"column":71}}],"line":96}},"s":{"0":2,"1":2,"2":6,"3":6,"4":2,"5":1,"6":5,"7":1,"8":2,"9":8,"10":2,"11":8,"12":6,"13":24,"14":4,"15":20,"16":2},"f":{"0":6,"1":2,"2":5,"3":8,"4":8,"5":24,"6":2},"b":{"0":[1,1],"1":[4,20],"2":[24,20],"3":[20,5]},"_coverageSchema":"1a1c01bbd47fc00a2c39e90264f33305004495a9","hash":"76be3b783691f4087e161d89091f020cd9a204dc"}
,"/Users/bagseong-il/projects/codesoom/assignments/project-react-6-GUAJEGUICHAN/src/components/App.tsx": {"path":"/Users/bagseong-il/projects/codesoom/assignments/project-react-6-GUAJEGUICHAN/src/components/App.tsx","statementMap":{"0":{"start":{"line":15,"column":2},"end":{"line":29,"column":4}}},"fnMap":{"0":{"name":"App","decl":{"start":{"line":14,"column":24},"end":{"line":14,"column":27}},"loc":{"start":{"line":14,"column":30},"end":{"line":30,"column":1}},"line":14}},"branchMap":{},"s":{"0":1},"f":{"0":1},"b":{},"_coverageSchema":"1a1c01bbd47fc00a2c39e90264f33305004495a9","hash":"3dfa740f137b3fcd2d56ac60e92e88d3eba4052a"}
}
