TN:
SF:src/Pages/AddStudentPage.tsx
FN:3,AddStudentPage
FNF:1
FNH:1
FNDA:1,AddStudentPage
DA:4,1
LF:1
LH:1
BRF:0
BRH:0
end_of_record
TN:
SF:src/Pages/ButtonsForCheckPage.tsx
FN:5,ButtonsForCheckPage
FN:13,handleClick
FN:29,(anonymous_2)
FNF:3
FNH:3
FNDA:2,ButtonsForCheckPage
FNDA:1,handleClick
FNDA:6,(anonymous_2)
DA:6,2
DA:14,1
DA:16,1
DA:19,2
DA:25,2
DA:30,6
LF:6
LH:6
BRF:0
BRH:0
end_of_record
TN:
SF:src/Pages/ClassPage.tsx
FN:8,ClassPage
FN:19,handleClick
FN:28,(anonymous_2)
FNF:3
FNH:3
FNDA:1,ClassPage
FNDA:1,handleClick
FNDA:7,(anonymous_2)
DA:9,1
DA:11,1
DA:13,1
DA:20,1
DA:22,1
DA:25,1
DA:29,7
LF:7
LH:7
BRF:0
BRH:0
end_of_record
TN:
SF:src/Pages/LoginPage.tsx
FN:4,LoginPage
FN:7,handleClick
FNF:2
FNH:2
FNDA:2,LoginPage
FNDA:1,handleClick
DA:5,2
DA:12,1
DA:15,2
LF:3
LH:3
BRF:0
BRH:0
end_of_record
TN:
SF:src/Pages/MenuPage.tsx
FN:4,MenuPage
FNF:1
FNH:1
FNDA:2,MenuPage
DA:5,2
LF:1
LH:1
BRF:0
BRH:0
end_of_record
TN:
SF:src/Pages/RealtimeListPage.tsx
FN:3,RealtimeList
FNF:1
FNH:1
FNDA:2,RealtimeList
DA:4,2
LF:1
LH:1
BRF:0
BRH:0
end_of_record
TN:
SF:src/Pages/SearchPage.tsx
FN:3,SearchPage
FNF:1
FNH:1
FNDA:2,SearchPage
DA:4,2
LF:1
LH:1
BRF:0
BRH:0
end_of_record
TN:
SF:src/Pages/StudentsListPage.tsx
FN:50,StudentsListPage
FN:55,(anonymous_1)
FN:59,handleClick
FN:63,(anonymous_3)
FN:68,(anonymous_4)
FN:76,(anonymous_5)
FN:91,(anonymous_6)
FN:101,(anonymous_7)
FNF:8
FNH:1
FNDA:9,StudentsListPage
FNDA:0,(anonymous_1)
FNDA:0,handleClick
FNDA:0,(anonymous_3)
FNDA:0,(anonymous_4)
FNDA:0,(anonymous_5)
FNDA:0,(anonymous_6)
FNDA:0,(anonymous_7)
DA:16,2
DA:18,2
DA:51,9
DA:53,9
DA:55,8
DA:62,0
DA:63,0
DA:65,0
DA:68,0
DA:70,0
DA:76,0
DA:80,0
DA:92,0
DA:94,0
DA:96,0
DA:101,0
LF:16
LH:5
BRDA:62,0,0,0
BRDA:62,0,1,0
BRDA:92,1,0,0
BRDA:92,1,1,0
BRDA:92,2,0,0
BRDA:92,2,1,0
BRDA:104,3,0,0
BRDA:104,3,1,0
BRF:8
BRH:0
end_of_record
TN:
SF:src/components/App.tsx
FN:48,App
FN:50,(anonymous_1)
FNF:2
FNH:1
FNDA:3,App
FNDA:0,(anonymous_1)
DA:16,1
DA:49,3
DA:50,0
DA:54,0
LF:4
LH:2
BRF:0
BRH:0
end_of_record
