TN:
SF:src/Pages/AddStudentPage.tsx
FN:3,AddStudentPage
FNF:1
FNH:1
FNDA:1,AddStudentPage
DA:4,1
LF:1
LH:1
BRF:0
BRH:0
end_of_record
TN:
SF:src/Pages/ButtonsForCheckPage.tsx
FN:5,ButtonsForCheckPage
FN:13,handleClick
FN:29,(anonymous_2)
FNF:3
FNH:3
FNDA:2,ButtonsForCheckPage
FNDA:1,handleClick
FNDA:6,(anonymous_2)
DA:6,2
DA:14,1
DA:16,1
DA:19,2
DA:25,2
DA:30,6
LF:6
LH:6
BRF:0
BRH:0
end_of_record
TN:
SF:src/Pages/ClassPage.tsx
FN:8,ClassPage
FN:19,handleClick
FN:28,(anonymous_2)
FNF:3
FNH:3
FNDA:1,ClassPage
FNDA:1,handleClick
FNDA:7,(anonymous_2)
DA:9,1
DA:11,1
DA:13,1
DA:20,1
DA:22,1
DA:25,1
DA:29,7
LF:7
LH:7
BRF:0
BRH:0
end_of_record
TN:
SF:src/Pages/LoginPage.tsx
FN:4,LoginPage
FN:7,handleClick
FNF:2
FNH:2
FNDA:3,LoginPage
FNDA:1,handleClick
DA:5,3
DA:12,1
DA:15,3
LF:3
LH:3
BRF:0
BRH:0
end_of_record
TN:
SF:src/Pages/MenuPage.tsx
FN:4,MenuPage
FNF:1
FNH:1
FNDA:2,MenuPage
DA:5,2
LF:1
LH:1
BRF:0
BRH:0
end_of_record
TN:
SF:src/Pages/RealtimeListPage.tsx
FN:3,RealtimeList
FNF:1
FNH:1
FNDA:2,RealtimeList
DA:4,2
LF:1
LH:1
BRF:0
BRH:0
end_of_record
TN:
SF:src/Pages/SearchPage.tsx
FN:3,SearchPage
FNF:1
FNH:1
FNDA:2,SearchPage
DA:4,2
LF:1
LH:1
BRF:0
BRH:0
end_of_record
TN:
SF:src/Pages/StudentsListPage.tsx
FN:48,StudentsListPage
FN:53,handleClick
FN:56,(anonymous_2)
FN:60,(anonymous_3)
FN:68,(anonymous_4)
FN:83,(anonymous_5)
FN:93,(anonymous_6)
FNF:7
FNH:7
FNDA:6,StudentsListPage
FNDA:2,handleClick
FNDA:5,(anonymous_2)
FNDA:8,(anonymous_3)
FNDA:8,(anonymous_4)
FNDA:24,(anonymous_5)
FNDA:2,(anonymous_6)
DA:14,2
DA:16,2
DA:49,6
DA:51,6
DA:55,2
DA:56,5
DA:58,1
DA:60,8
DA:62,2
DA:68,8
DA:72,6
DA:84,24
DA:86,4
DA:88,20
DA:93,2
LF:15
LH:15
BRDA:55,0,0,1
BRDA:55,0,1,1
BRDA:84,1,0,4
BRDA:84,1,1,20
BRDA:84,2,0,24
BRDA:84,2,1,20
BRDA:96,3,0,20
BRDA:96,3,1,5
BRF:8
BRH:8
end_of_record
TN:
SF:src/components/App.tsx
FN:14,App
FNF:1
FNH:1
FNDA:1,App
DA:15,1
LF:1
LH:1
BRF:0
BRH:0
end_of_record
